 Memory Usage: 

	Ram

Section0 used  65 bytes of total 128 ( 50.781250  %) 
Section1 used 128 bytes of total 128 (100.000000  %) 
Section2 used  80 bytes of total 128 ( 62.500000  %) 
Section3 used   0 bytes of total 128 (  0.000000  %) 
Section4 used   0 bytes of total 128 (  0.000000  %) 
Section5 used   0 bytes of total 128 (  0.000000  %) 
Section6 used   0 bytes of total 128 (  0.000000  %) 
Section7 used   0 bytes of total 128 (  0.000000  %) 
Ram      used 273 bytes of total 1024 ( 26.660156  %) 
Detail Message About Ram Spaces: 

Name: SECTION0	Start: 0	Size: 80	#: Used	-: UnUsed

0-F:	----------------

10-1F:	----------------

20-2F:	----------------

30-3F:	----------------

40-4F:	----------------

50-5F:	----------------

60-6F:	----------------

70-7F:	----------------

Name: SECTION1	Start: 80	Size: 80	#: Used	-: UnUsed

80-8F:	----------------

90-9F:	----------------

A0-AF:	----------------

B0-BF:	----------------

C0-CF:	----------------

D0-DF:	----------------

E0-EF:	----------------

F0-FF:	----------------

Name: SECTION2	Start: 100	Size: 80	#: Used	-: UnUsed

100-10F:	----------------

110-11F:	----------------

120-12F:	----------------

130-13F:	----------------

140-14F:	----------------

150-15F:	----------------

160-16F:	----------------

170-17F:	----------------

Name: SECTION3	Start: 180	Size: 80	#: Used	-: UnUsed

180-18F:	----------------

190-19F:	----------------

1A0-1AF:	----------------

1B0-1BF:	----------------

1C0-1CF:	----------------

1D0-1DF:	----------------

1E0-1EF:	----------------

1F0-1FF:	----------------

Name: SECTION4	Start: 200	Size: 80	#: Used	-: UnUsed

200-20F:	----------------

210-21F:	----------------

220-22F:	----------------

230-23F:	----------------

240-24F:	----------------

250-25F:	----------------

260-26F:	----------------

270-27F:	----------------

Name: SECTION5	Start: 280	Size: 80	#: Used	-: UnUsed

280-28F:	----------------

290-29F:	----------------

2A0-2AF:	----------------

2B0-2BF:	----------------

2C0-2CF:	----------------

2D0-2DF:	----------------

2E0-2EF:	----------------

2F0-2FF:	----------------

Name: SECTION6	Start: 300	Size: 80	#: Used	-: UnUsed

300-30F:	----------------

310-31F:	----------------

320-32F:	----------------

330-33F:	----------------

340-34F:	----------------

350-35F:	----------------

360-36F:	----------------

370-37F:	----------------

Name: SECTION7	Start: 380	Size: 80	#: Used	-: UnUsed

380-38F:	----------------

390-39F:	----------------

3A0-3AF:	----------------

3B0-3BF:	----------------

3C0-3CF:	----------------

3D0-3DF:	----------------

3E0-3EF:	----------------

3F0-3FF:	----------------

Name: SFR0	Start: 6000	Size: 100	#: Used	-: UnUsed

6000-600F:	----------------

6010-601F:	----------------

6020-602F:	----------------

6030-603F:	----------------

6040-604F:	----------------

6050-605F:	----------------

6060-606F:	----------------

6070-607F:	----------------

6080-608F:	----------------

6090-609F:	----------------

60A0-60AF:	----------------

60B0-60BF:	----------------

60C0-60CF:	----------------

60D0-60DF:	----------------

60E0-60EF:	----------------

60F0-60FF:	----------------

Name: SFR1	Start: FF80	Size: 80	#: Used	-: UnUsed

FF80-FF8F:	----------------

FF90-FF9F:	----------------

FFA0-FFAF:	----------------

FFB0-FFBF:	----------------

FFC0-FFCF:	----------------

FFD0-FFDF:	----------------

FFE0-FFEF:	----------------

FFF0-FFFF:	----------------


	Rom

SEGMENT0 used   2043 words of total   2048 ( 99.755859  %) 
SEGMENT1 used   2046 words of total   2048 ( 99.902344  %) 
SEGMENT2 used    926 words of total   2048 ( 45.214844  %) 
SEGMENT3 used      0 words of total   2048 (  0.000000  %) 
SEGMENT4 used      0 words of total   2048 (  0.000000  %) 
SEGMENT5 used      0 words of total   2048 (  0.000000  %) 
SEGMENT6 used      0 words of total   2048 (  0.000000  %) 
SEGMENT7 used    969 words of total   2048 ( 47.314453  %) 
Rom      used   5984 words of total  16384 ( 36.523438  %) 
